#
# There is insufficient memory for the Java Runtime Environment to continue.
# Native memory allocation (malloc) failed to allocate 32744 bytes for ChunkPool::allocate
# Possible reasons:
#   The system is out of physical RAM or swap space
#   In 32 bit mode, the process size limit was hit
# Possible solutions:
#   Reduce memory load on the system
#   Increase physical memory or swap space
#   Check if swap backing store is full
#   Use 64 bit Java on a 64 bit OS
#   Decrease Java heap size (-Xmx/-Xms)
#   Decrease number of Java threads
#   Decrease Java thread stack sizes (-Xss)
#   Set larger code cache with -XX:ReservedCodeCacheSize=
# This output file may be truncated or incomplete.
#
#  Out of Memory Error (allocation.cpp:273), pid=1988, tid=0x00000000000009ac
#
# JRE version: Java(TM) SE Runtime Environment (8.0_161-b12) (build 1.8.0_161-b12)
# Java VM: Java HotSpot(TM) 64-Bit Server VM (25.161-b12 mixed mode windows-amd64 compressed oops)
# Failed to write core dump. Minidumps are not enabled by default on client versions of Windows
#

---------------  T H R E A D  ---------------

Current thread (0x0000000055126000):  JavaThread "C2 CompilerThread0" daemon [_thread_in_native, id=2476, stack(0x0000000056860000,0x0000000056960000)]

Stack: [0x0000000056860000,0x0000000056960000]
[error occurred during error reporting (printing stack bounds), id 0xc0000005]

Native frames: (J=compiled Java code, j=interpreted, Vv=VM code, C=native code)


Current CompileTask:
C2: 241352 1628       4       java.lang.StringBuilder::toString (17 bytes)


---------------  P R O C E S S  ---------------

Java Threads: ( => current thread )
  0x0000000058e2d800 JavaThread "TimerQueue" daemon [_thread_in_vm, id=6004, stack(0x000000005ad40000,0x000000005ae40000)]
  0x000000000028e800 JavaThread "DestroyJavaVM" [_thread_blocked, id=4728, stack(0x00000000025a0000,0x00000000026a0000)]
  0x0000000057818800 JavaThread "AWT-EventQueue-0" [_thread_blocked, id=2364, stack(0x00000000583c0000,0x00000000584c0000)]
  0x0000000057818000 JavaThread "AWT-Shutdown" [_thread_blocked, id=4524, stack(0x0000000059e70000,0x0000000059f70000)]
  0x000000005718c800 JavaThread "AWT-Windows" daemon [_thread_in_native, id=5296, stack(0x0000000057ea0000,0x0000000057fa0000)]
  0x0000000057188800 JavaThread "Java2D Disposer" daemon [_thread_blocked, id=5232, stack(0x00000000579e0000,0x0000000057ae0000)]
  0x00000000569d9000 JavaThread "Service Thread" daemon [_thread_blocked, id=4736, stack(0x0000000057040000,0x0000000057140000)]
  0x00000000569b5000 JavaThread "C1 CompilerThread2" daemon [_thread_blocked, id=2564, stack(0x0000000056f10000,0x0000000057010000)]
  0x00000000569b4800 JavaThread "C2 CompilerThread1" daemon [_thread_blocked, id=3396, stack(0x0000000056760000,0x0000000056860000)]
=>0x0000000055126000 JavaThread "C2 CompilerThread0" daemon [_thread_in_native, id=2476, stack(0x0000000056860000,0x0000000056960000)]
  0x0000000055124800 JavaThread "Attach Listener" daemon [_thread_blocked, id=1876, stack(0x0000000056590000,0x0000000056690000)]
  0x0000000055121800 JavaThread "Signal Dispatcher" daemon [_thread_blocked, id=4648, stack(0x0000000056400000,0x0000000056500000)]
  0x000000005510c000 JavaThread "Finalizer" daemon [_thread_blocked, id=3700, stack(0x0000000056260000,0x0000000056360000)]
  0x00000000550c3000 JavaThread "Reference Handler" daemon [_thread_blocked, id=5604, stack(0x0000000056150000,0x0000000056250000)]

Other Threads:
  0x00000000550bb800 VMThread [stack: 0x0000000056010000,0x0000000056110000] [id=3272]
  0x00000000569df000 WatcherThread [stack: 0x0000000056d60000,0x0000000056e60000] [id=4124]

VM state:not at safepoint (normal execution)

VM Mutex/Monitor currently owned by a thread: None

Heap:
 PSYoungGen      total 18944K, used 832K [0x00000000eb400000, 0x00000000ed900000, 0x0000000100000000)
  eden space 16384K, 5% used [0x00000000eb400000,0x00000000eb4d03e8,0x00000000ec400000)
  from space 2560K, 0% used [0x00000000ec400000,0x00000000ec400000,0x00000000ec680000)
  to   space 2560K, 0% used [0x00000000ed680000,0x00000000ed680000,0x00000000ed900000)
 ParOldGen       total 44032K, used 5752K [0x00000000c1c00000, 0x00000000c4700000, 0x00000000eb400000)
  object space 44032K, 13% used [0x00000000c1c00000,0x00000000c219e068,0x00000000c4700000)
 Metaspace       used 18233K, capacity 18520K, committed 18816K, reserved 1067008K
  class space    used 2009K, capacity 2076K, committed 2176K, reserved 1048576K

Card table byte_map: [0x0000000011d30000,0x0000000011f30000] byte_map_base: 0x0000000011722000

Marking Bits: (ParMarkBitMap*) 0x00000000638ff860
 Begin Bits: [0x0000000012610000, 0x00000000135a0000)
 End Bits:   [0x00000000135a0000, 0x0000000014530000)

Polling page: 0x0000000000140000

CodeCache: size=245760Kb used=5487Kb max_used=5487Kb free=240272Kb
 bounds [0x0000000002970000, 0x0000000002ed0000, 0x0000000011970000]
 total_blobs=2214 nmethods=1633 adapters=493
 compilation: enabled

Compilation events (10 events):
Event: 241.089 Thread 0x00000000569b5000 nmethod 1627 0x0000000002ec9f10 code [0x0000000002eca0c0, 0x0000000002eca5a8]
Event: 241.097 Thread 0x0000000055126000 1628       4       java.lang.StringBuilder::toString (17 bytes)
Event: 241.113 Thread 0x00000000569b5000 1629       3       java.awt.Component::inside (30 bytes)
Event: 241.113 Thread 0x00000000569b5000 nmethod 1629 0x0000000002eca810 code [0x0000000002eca980, 0x0000000002ecabf0]
Event: 241.113 Thread 0x00000000569b5000 1630       3       javax.swing.JComponent::contains (27 bytes)
Event: 241.114 Thread 0x00000000569b5000 nmethod 1630 0x0000000002ecac50 code [0x0000000002ecade0, 0x0000000002ecb490]
Event: 241.120 Thread 0x00000000569b5000 1631       1       java.util.concurrent.locks.AbstractQueuedSynchronizer::setState (6 bytes)
Event: 241.120 Thread 0x00000000569b5000 nmethod 1631 0x0000000002ecb610 code [0x0000000002ecb760, 0x0000000002ecb870]
Event: 241.128 Thread 0x00000000569b5000 1632       3       sun.awt.AWTAutoShutdown::getInstance (4 bytes)
Event: 241.129 Thread 0x00000000569b5000 nmethod 1632 0x0000000002ecb8d0 code [0x0000000002ecba20, 0x0000000002ecbb50]

GC Heap History (8 events):
Event: 1.580 GC heap before
{Heap before GC invocations=1 (full 0):
 PSYoungGen      total 18944K, used 16384K [0x00000000eb400000, 0x00000000ec900000, 0x0000000100000000)
  eden space 16384K, 100% used [0x00000000eb400000,0x00000000ec400000,0x00000000ec400000)
  from space 2560K, 0% used [0x00000000ec680000,0x00000000ec680000,0x00000000ec900000)
  to   space 2560K, 0% used [0x00000000ec400000,0x00000000ec400000,0x00000000ec680000)
 ParOldGen       total 44032K, used 0K [0x00000000c1c00000, 0x00000000c4700000, 0x00000000eb400000)
  object space 44032K, 0% used [0x00000000c1c00000,0x00000000c1c00000,0x00000000c4700000)
 Metaspace       used 13105K, capacity 13376K, committed 13440K, reserved 1060864K
  class space    used 1523K, capacity 1624K, committed 1664K, reserved 1048576K
Event: 1.588 GC heap after
Heap after GC invocations=1 (full 0):
 PSYoungGen      total 18944K, used 2558K [0x00000000eb400000, 0x00000000ec900000, 0x0000000100000000)
  eden space 16384K, 0% used [0x00000000eb400000,0x00000000eb400000,0x00000000ec400000)
  from space 2560K, 99% used [0x00000000ec400000,0x00000000ec67f840,0x00000000ec680000)
  to   space 2560K, 0% used [0x00000000ec680000,0x00000000ec680000,0x00000000ec900000)
 ParOldGen       total 44032K, used 2182K [0x00000000c1c00000, 0x00000000c4700000, 0x00000000eb400000)
  object space 44032K, 4% used [0x00000000c1c00000,0x00000000c1e218a8,0x00000000c4700000)
 Metaspace       used 13105K, capacity 13376K, committed 13440K, reserved 1060864K
  class space    used 1523K, capacity 1624K, committed 1664K, reserved 1048576K
}
Event: 2.199 GC heap before
{Heap before GC invocations=2 (full 0):
 PSYoungGen      total 18944K, used 18942K [0x00000000eb400000, 0x00000000ec900000, 0x0000000100000000)
  eden space 16384K, 100% used [0x00000000eb400000,0x00000000ec400000,0x00000000ec400000)
  from space 2560K, 99% used [0x00000000ec400000,0x00000000ec67f840,0x00000000ec680000)
  to   space 2560K, 0% used [0x00000000ec680000,0x00000000ec680000,0x00000000ec900000)
 ParOldGen       total 44032K, used 2182K [0x00000000c1c00000, 0x00000000c4700000, 0x00000000eb400000)
  object space 44032K, 4% used [0x00000000c1c00000,0x00000000c1e218a8,0x00000000c4700000)
 Metaspace       used 15852K, capacity 16102K, committed 16384K, reserved 1064960K
  class space    used 1719K, capacity 1785K, committed 1792K, reserved 1048576K
Event: 2.209 GC heap after
Heap after GC invocations=2 (full 0):
 PSYoungGen      total 18944K, used 2560K [0x00000000eb400000, 0x00000000ed900000, 0x0000000100000000)
  eden space 16384K, 0% used [0x00000000eb400000,0x00000000eb400000,0x00000000ec400000)
  from space 2560K, 100% used [0x00000000ec680000,0x00000000ec900000,0x00000000ec900000)
  to   space 2560K, 0% used [0x00000000ec400000,0x00000000ec400000,0x00000000ec680000)
 ParOldGen       total 44032K, used 6124K [0x00000000c1c00000, 0x00000000c4700000, 0x00000000eb400000)
  object space 44032K, 13% used [0x00000000c1c00000,0x00000000c21fb210,0x00000000c4700000)
 Metaspace       used 15852K, capacity 16102K, committed 16384K, reserved 1064960K
  class space    used 1719K, capacity 1785K, committed 1792K, reserved 1048576K
}
Event: 122.359 GC heap before
{Heap before GC invocations=3 (full 0):
 PSYoungGen      total 18944K, used 14596K [0x00000000eb400000, 0x00000000ed900000, 0x0000000100000000)
  eden space 16384K, 73% used [0x00000000eb400000,0x00000000ebfc10b8,0x00000000ec400000)
  from space 2560K, 100% used [0x00000000ec680000,0x00000000ec900000,0x00000000ec900000)
  to   space 2560K, 0% used [0x00000000ec400000,0x00000000ec400000,0x00000000ec680000)
 ParOldGen       total 44032K, used 6124K [0x00000000c1c00000, 0x00000000c4700000, 0x00000000eb400000)
  object space 44032K, 13% used [0x00000000c1c00000,0x00000000c21fb210,0x00000000c4700000)
 Metaspace       used 18125K, capacity 18360K, committed 18432K, reserved 1064960K
  class space    used 1989K, capacity 2044K, committed 2048K, reserved 1048576K
Event: 122.367 GC heap after
Heap after GC invocations=3 (full 0):
 PSYoungGen      total 18944K, used 2560K [0x00000000eb400000, 0x00000000ed900000, 0x0000000100000000)
  eden space 16384K, 0% used [0x00000000eb400000,0x00000000eb400000,0x00000000ec400000)
  from space 2560K, 100% used [0x00000000ec400000,0x00000000ec680000,0x00000000ec680000)
  to   space 2560K, 0% used [0x00000000ed680000,0x00000000ed680000,0x00000000ed900000)
 ParOldGen       total 44032K, used 8253K [0x00000000c1c00000, 0x00000000c4700000, 0x00000000eb400000)
  object space 44032K, 18% used [0x00000000c1c00000,0x00000000c240f5e0,0x00000000c4700000)
 Metaspace       used 18125K, capacity 18360K, committed 18432K, reserved 1064960K
  class space    used 1989K, capacity 2044K, committed 2048K, reserved 1048576K
}
Event: 122.367 GC heap before
{Heap before GC invocations=4 (full 1):
 PSYoungGen      total 18944K, used 2560K [0x00000000eb400000, 0x00000000ed900000, 0x0000000100000000)
  eden space 16384K, 0% used [0x00000000eb400000,0x00000000eb400000,0x00000000ec400000)
  from space 2560K, 100% used [0x00000000ec400000,0x00000000ec680000,0x00000000ec680000)
  to   space 2560K, 0% used [0x00000000ed680000,0x00000000ed680000,0x00000000ed900000)
 ParOldGen       total 44032K, used 8253K [0x00000000c1c00000, 0x00000000c4700000, 0x00000000eb400000)
  object space 44032K, 18% used [0x00000000c1c00000,0x00000000c240f5e0,0x00000000c4700000)
 Metaspace       used 18125K, capacity 18360K, committed 18432K, reserved 1064960K
  class space    used 1989K, capacity 2044K, committed 2048K, reserved 1048576K
Event: 122.403 GC heap after
Heap after GC invocations=4 (full 1):
 PSYoungGen      total 18944K, used 0K [0x00000000eb400000, 0x00000000ed900000, 0x0000000100000000)
  eden space 16384K, 0% used [0x00000000eb400000,0x00000000eb400000,0x00000000ec400000)
  from space 2560K, 0% used [0x00000000ec400000,0x00000000ec400000,0x00000000ec680000)
  to   space 2560K, 0% used [0x00000000ed680000,0x00000000ed680000,0x00000000ed900000)
 ParOldGen       total 44032K, used 5752K [0x00000000c1c00000, 0x00000000c4700000, 0x00000000eb400000)
  object space 44032K, 13% used [0x00000000c1c00000,0x00000000c219e068,0x00000000c4700000)
 Metaspace       used 18125K, capacity 18360K, committed 18432K, reserved 1064960K
  class space    used 1989K, capacity 2044K, committed 2048K, reserved 1048576K
}

Deoptimization events (10 events):
Event: 1.910 Thread 0x000000000028e800 Uncommon trap: reason=unstable_if action=reinterpret pc=0x0000000002c4ec30 method=org.hsqldb.map.HashIndex.linkNode(II)I @ 7
Event: 1.934 Thread 0x000000000028e800 Uncommon trap: reason=unstable_if action=reinterpret pc=0x0000000002c07e40 method=java.util.HashMap.getNode(ILjava/lang/Object;)Ljava/util/HashMap$Node; @ 62
Event: 1.935 Thread 0x000000000028e800 Uncommon trap: reason=unstable_if action=reinterpret pc=0x0000000002bf85a8 method=java.util.HashMap.getNode(ILjava/lang/Object;)Ljava/util/HashMap$Node; @ 62
Event: 2.369 Thread 0x000000005718c800 Uncommon trap: reason=class_check action=maybe_recompile pc=0x0000000002db0568 method=java.util.HashMap.putVal(ILjava/lang/Object;Ljava/lang/Object;ZZ)Ljava/lang/Object; @ 203
Event: 2.369 Thread 0x000000005718c800 Uncommon trap: reason=class_check action=maybe_recompile pc=0x0000000002db0568 method=java.util.HashMap.putVal(ILjava/lang/Object;Ljava/lang/Object;ZZ)Ljava/lang/Object; @ 203
Event: 2.369 Thread 0x000000005718c800 Uncommon trap: reason=class_check action=maybe_recompile pc=0x0000000002db0568 method=java.util.HashMap.putVal(ILjava/lang/Object;Ljava/lang/Object;ZZ)Ljava/lang/Object; @ 203
Event: 4.490 Thread 0x0000000057818800 Uncommon trap: reason=class_check action=maybe_recompile pc=0x0000000002afc218 method=java.lang.String.equals(Ljava/lang/Object;)Z @ 8
Event: 4.490 Thread 0x0000000057818800 Uncommon trap: reason=class_check action=maybe_recompile pc=0x0000000002afc218 method=java.lang.String.equals(Ljava/lang/Object;)Z @ 8
Event: 4.490 Thread 0x0000000057818800 Uncommon trap: reason=class_check action=maybe_recompile pc=0x0000000002afc218 method=java.lang.String.equals(Ljava/lang/Object;)Z @ 8
Event: 4.490 Thread 0x0000000057818800 Uncommon trap: reason=class_check action=maybe_recompile pc=0x0000000002afc218 method=java.lang.String.equals(Ljava/lang/Object;)Z @ 8

Classes redefined (0 events):
No events

Internal exceptions (10 events):
Event: 0.061 Thread 0x000000000028e800 Exception <a 'java/lang/NoSuchMethodError': Method sun.misc.Unsafe.prefetchRead(Ljava/lang/Object;J)V name or signature does not match> (0x00000000eb407f88) thrown at [C:\re\workspace\8-2-build-windows-amd64-cygwin\jdk8u161\10277\hotspot\src\share\vm\prim
Event: 0.234 Thread 0x000000000028e800 Exception <a 'java/security/PrivilegedActionException'> (0x00000000eb4a0c70) thrown at [C:\re\workspace\8-2-build-windows-amd64-cygwin\jdk8u161\10277\hotspot\src\share\vm\prims\jvm.cpp, line 1390]
Event: 0.234 Thread 0x000000000028e800 Exception <a 'java/security/PrivilegedActionException'> (0x00000000eb4a0e80) thrown at [C:\re\workspace\8-2-build-windows-amd64-cygwin\jdk8u161\10277\hotspot\src\share\vm\prims\jvm.cpp, line 1390]
Event: 0.235 Thread 0x000000000028e800 Exception <a 'java/security/PrivilegedActionException'> (0x00000000eb4f69e8) thrown at [C:\re\workspace\8-2-build-windows-amd64-cygwin\jdk8u161\10277\hotspot\src\share\vm\prims\jvm.cpp, line 1390]
Event: 0.235 Thread 0x000000000028e800 Exception <a 'java/security/PrivilegedActionException'> (0x00000000eb4f6bf8) thrown at [C:\re\workspace\8-2-build-windows-amd64-cygwin\jdk8u161\10277\hotspot\src\share\vm\prims\jvm.cpp, line 1390]
Event: 0.239 Thread 0x000000000028e800 Exception <a 'java/io/FileNotFoundException'> (0x00000000eb4f8d00) thrown at [C:\re\workspace\8-2-build-windows-amd64-cygwin\jdk8u161\10277\hotspot\src\share\vm\prims\jni.cpp, line 709]
Event: 0.302 Thread 0x000000000028e800 Exception <a 'java/lang/NoSuchFieldError': method resolution failed> (0x00000000eb5c97b0) thrown at [C:\re\workspace\8-2-build-windows-amd64-cygwin\jdk8u161\10277\hotspot\src\share\vm\prims\methodHandles.cpp, line 1167]
Event: 0.305 Thread 0x000000000028e800 Exception <a 'java/lang/NoSuchFieldError': method resolution failed> (0x00000000eb5d6b80) thrown at [C:\re\workspace\8-2-build-windows-amd64-cygwin\jdk8u161\10277\hotspot\src\share\vm\prims\methodHandles.cpp, line 1167]
Event: 0.372 Thread 0x000000000028e800 Exception <a 'java/io/FileNotFoundException'> (0x00000000eb66f9d0) thrown at [C:\re\workspace\8-2-build-windows-amd64-cygwin\jdk8u161\10277\hotspot\src\share\vm\prims\jni.cpp, line 709]
Event: 1.229 Thread 0x000000000028e800 Exception <a 'java/lang/NoClassDefFoundError': org/apache/log4j/Category> (0x00000000ebb02a70) thrown at [C:\re\workspace\8-2-build-windows-amd64-cygwin\jdk8u161\10277\hotspot\src\share\vm\classfile\systemDictionary.cpp, line 199]

Events (10 events):
Event: 241.087 loading class java/util/concurrent/TimeUnit$4
Event: 241.087 loading class java/util/concurrent/TimeUnit$4 done
Event: 241.087 loading class java/util/concurrent/TimeUnit$5
Event: 241.087 loading class java/util/concurrent/TimeUnit$5 done
Event: 241.087 loading class java/util/concurrent/TimeUnit$6
Event: 241.087 loading class java/util/concurrent/TimeUnit$6 done
Event: 241.087 loading class java/util/concurrent/TimeUnit$7
Event: 241.087 loading class java/util/concurrent/TimeUnit$7 done
Event: 241.129 loading class java/awt/event/MouseWheelEvent
Event: 241.129 loading class java/awt/event/MouseWheelEvent done


Dynamic libraries:
0x000000013f900000 - 0x000000013f937000 	C:\Program Files\Java\jre1.8.0_161\bin\javaw.exe
0x0000000076f70000 - 0x000000007710f000 	C:\Windows\SYSTEM32\ntdll.dll
0x000007feee500000 - 0x000007feee534000 	C:\Program Files\AVAST Software\Avast\x64\aswhooka.dll
0x0000000076d50000 - 0x0000000076e6f000 	C:\Windows\system32\kernel32.dll
0x000007fefcf50000 - 0x000007fefcfba000 	C:\Windows\system32\KERNELBASE.dll
0x000007fefdb40000 - 0x000007fefdc1b000 	C:\Windows\system32\ADVAPI32.dll
0x000007fefd000000 - 0x000007fefd09f000 	C:\Windows\system32\msvcrt.dll
0x000007feff240000 - 0x000007feff25f000 	C:\Windows\SYSTEM32\sechost.dll
0x000007fefd1c0000 - 0x000007fefd2ed000 	C:\Windows\system32\RPCRT4.dll
0x0000000076e70000 - 0x0000000076f6a000 	C:\Windows\system32\USER32.dll
0x000007feff1b0000 - 0x000007feff217000 	C:\Windows\system32\GDI32.dll
0x000007fefd0a0000 - 0x000007fefd0ae000 	C:\Windows\system32\LPK.dll
0x000007fefebb0000 - 0x000007fefec7b000 	C:\Windows\system32\USP10.dll
0x000007fefb3e0000 - 0x000007fefb5d4000 	C:\Windows\WinSxS\amd64_microsoft.windows.common-controls_6595b64144ccf1df_6.0.7601.18837_none_fa3b1e3d17594757\COMCTL32.dll
0x000007feff130000 - 0x000007feff1a1000 	C:\Windows\system32\SHLWAPI.dll
0x000007fefd4e0000 - 0x000007fefd50e000 	C:\Windows\system32\IMM32.DLL
0x000007fefd0b0000 - 0x000007fefd1b9000 	C:\Windows\system32\MSCTF.dll
0x0000000073170000 - 0x0000000073242000 	C:\Program Files\Java\jre1.8.0_161\bin\msvcr100.dll
0x00000000630e0000 - 0x000000006397f000 	C:\Program Files\Java\jre1.8.0_161\bin\server\jvm.dll
0x000007feef5a0000 - 0x000007feef5a9000 	C:\Windows\system32\WSOCK32.dll
0x000007fefd900000 - 0x000007fefd94d000 	C:\Windows\system32\WS2_32.dll
0x000007fefd950000 - 0x000007fefd958000 	C:\Windows\system32\NSI.dll
0x000007fefa780000 - 0x000007fefa7bb000 	C:\Windows\system32\WINMM.dll
0x000007fefbd20000 - 0x000007fefbd2c000 	C:\Windows\system32\VERSION.dll
0x0000000077110000 - 0x0000000077117000 	C:\Windows\system32\PSAPI.DLL
0x0000000068b40000 - 0x0000000068b4f000 	C:\Program Files\Java\jre1.8.0_161\bin\verify.dll
0x0000000066d60000 - 0x0000000066d89000 	C:\Program Files\Java\jre1.8.0_161\bin\java.dll
0x0000000066d40000 - 0x0000000066d56000 	C:\Program Files\Java\jre1.8.0_161\bin\zip.dll
0x000007fefdc20000 - 0x000007fefe9ab000 	C:\Windows\system32\SHELL32.dll
0x000007fefe9b0000 - 0x000007fefebad000 	C:\Windows\system32\ole32.dll
0x000007fefcc50000 - 0x000007fefcc5f000 	C:\Windows\system32\profapi.dll
0x00000000706f0000 - 0x0000000070888000 	C:\Program Files\Java\jre1.8.0_161\bin\awt.dll
0x000007fefed20000 - 0x000007fefedfa000 	C:\Windows\system32\OLEAUT32.dll
0x000007fefac40000 - 0x000007fefac58000 	C:\Windows\system32\DWMAPI.DLL
0x000007fee7ff0000 - 0x000007fee810d000 	C:\Windows\system32\opengl32.dll
0x000007fee7fc0000 - 0x000007fee7fed000 	C:\Windows\system32\GLU32.dll
0x000007fee7ec0000 - 0x000007fee7fb1000 	C:\Windows\system32\DDRAW.dll
0x000007feed4f0000 - 0x000007feed4f8000 	C:\Windows\system32\DCIMAN32.dll
0x000007fefd960000 - 0x000007fefdb37000 	C:\Windows\system32\SETUPAPI.dll
0x000007fefcfc0000 - 0x000007fefcff6000 	C:\Windows\system32\CFGMGR32.dll
0x000007fefcd90000 - 0x000007fefcdaa000 	C:\Windows\system32\DEVOBJ.dll
0x000007fefb120000 - 0x000007fefb176000 	C:\Windows\system32\uxtheme.dll
0x000007fefcaa0000 - 0x000007fefcaaf000 	C:\Windows\system32\CRYPTBASE.dll
0x000007fefc430000 - 0x000007fefc448000 	C:\Windows\system32\CRYPTSP.dll
0x000007fefc130000 - 0x000007fefc177000 	C:\Windows\system32\rsaenh.dll
0x000007fefcdb0000 - 0x000007fefcdce000 	C:\Windows\system32\USERENV.dll
0x0000000064ed0000 - 0x0000000064eea000 	C:\Program Files\Java\jre1.8.0_161\bin\net.dll
0x000007fefc3d0000 - 0x000007fefc425000 	C:\Windows\system32\mswsock.dll
0x000007fefc3c0000 - 0x000007fefc3c7000 	C:\Windows\System32\wship6.dll
0x000007fefa1b0000 - 0x000007fefa1d7000 	C:\Windows\system32\IPHLPAPI.DLL
0x000007fefa190000 - 0x000007fefa19b000 	C:\Windows\system32\WINNSI.DLL
0x000007fef9e70000 - 0x000007fef9e88000 	C:\Windows\system32\dhcpcsvc.DLL
0x000007fef9e50000 - 0x000007fef9e61000 	C:\Windows\system32\dhcpcsvc6.DLL
0x000000005e2b0000 - 0x000000005e2c1000 	C:\Program Files\Java\jre1.8.0_161\bin\nio.dll
0x00000000706a0000 - 0x00000000706e7000 	C:\Program Files\Java\jre1.8.0_161\bin\fontmanager.dll
0x0000000070650000 - 0x0000000070692000 	C:\Program Files\Java\jre1.8.0_161\bin\t2k.dll
0x000007fefec80000 - 0x000007fefed19000 	C:\Windows\system32\CLBCatQ.DLL

VM Arguments:
jvm_args: -Dfile.encoding=Cp1252 
java_command: br.senai.sp.jandira.academia.Academia
java_class_path (initial): C:\Users\User\Desktop\Arquivos do GIT\Academia\Projeto Acedemia\bin;C:\Users\User\Desktop\UCanAccess-4.0.4-bin\ucanaccess-4.0.4.jar;C:\Users\User\Desktop\UCanAccess-4.0.4-bin\lib\commons-lang-2.6.jar;C:\Users\User\Desktop\UCanAccess-4.0.4-bin\lib\commons-logging-1.1.3.jar;C:\Users\User\Desktop\UCanAccess-4.0.4-bin\lib\hsqldb.jar;C:\Users\User\Desktop\UCanAccess-4.0.4-bin\lib\jackcess-2.1.11.jar
Launcher Type: SUN_STANDARD

Environment Variables:
PATH=C:/Program Files/Java/jre1.8.0_161/bin/server;C:/Program Files/Java/jre1.8.0_161/bin;C:/Program Files/Java/jre1.8.0_161/lib/amd64;C:\ProgramData\Oracle\Java\javapath;C:\Program Files (x86)\NVIDIA Corporation\PhysX\Common;C:\Program Files (x86)\Intel\iCLS Client\;C:\Program Files\Intel\iCLS Client\;C:\Windows\system32;C:\Windows;C:\Windows\System32\Wbem;C:\Windows\System32\WindowsPowerShell\v1.0\;C:\Program Files\Intel\Intel(R) Management Engine Components\DAL;C:\Program Files\Intel\Intel(R) Management Engine Components\IPT;C:\Program Files (x86)\Intel\Intel(R) Management Engine Components\DAL;C:\Program Files (x86)\Intel\Intel(R) Management Engine Components\IPT;C:\Program Files (x86)\Common Files\Adobe\AGL;C:\Program Files\Java\jdk1.8.0_161\bin;C:\Users\User\AppData\Local\Programs\Python\Python36\Scripts\;C:\Users\User\AppData\Local\Programs\Python\Python36\;C:\Users\User\AppData\Local\Programs\Python\Launcher\;C:\Users\User\eclipse;
USERNAME=User
OS=Windows_NT
PROCESSOR_IDENTIFIER=Intel64 Family 6 Model 58 Stepping 9, GenuineIntel



---------------  S Y S T E M  ---------------

OS: Windows 7 , 64 bit Build 7601 (6.1.7601.24117)

CPU:total 4 (initial active 4) (2 cores per cpu, 2 threads per core) family 6 model 58 stepping 9, cmov, cx8, fxsr, mmx, sse, sse2, sse3, ssse3, sse4.1, sse4.2, popcnt, avx, clmul, erms, ht, tsc, tscinvbit, tscinv

Memory: 4k page, physical 4073836k(767140k free), swap 4071960k(3048k free)

vm_info: Java HotSpot(TM) 64-Bit Server VM (25.161-b12) for windows-amd64 JRE (1.8.0_161-b12), built on Dec 19 2017 17:52:25 by "java_re" with MS VC++ 10.0 (VS2010)

time: Sun May 13 13:03:16 2018
elapsed time: 241 seconds (0d 0h 4m 1s)

